<?xml version="1.0" encoding="UTF-8"?>
<!-- Generated by org.testng.reporters.JUnitXMLReporter -->
<testsuite hostname="DESKTOP-TDHCD5M" ignored="0" name="Surefire test" tests="6" failures="0" timestamp="2020-11-20T11:44:38 CST" time="0.114" errors="0">
  <testcase name="Androiodnat" time="0.009" classname="quickIsra.AppiumTest"/>
  <testcase name="IOSNa" time="0.0" classname="quickIsra.AppiumTest"/>
  <testcase name="Browserauto" time="0.001" classname="quickIsra.selenium2Test"/>
  <testcase name="ButtonAut" time="0.0" classname="quickIsra.selenium2Test"/>
  <testcase name="Browserauto" time="0.001" classname="quickIsra.SeleniumpackTest"/>
  <testcase name="ButtonAut" time="0.002" classname="quickIsra.SeleniumpackTest"/>
</testsuite> <!-- Surefire test -->
