<?xml version="1.0" encoding="UTF-8"?>
<!-- Generated by org.testng.reporters.JUnitXMLReporter -->
<testsuite hostname="DESKTOP-TDHCD5M" ignored="0" name="Test" tests="6" failures="0" timestamp="2020-11-20T13:51:51 CST" time="0.142" errors="0">
  <testcase name="Browserauto" time="0.012" classname="quickIsra.selenium2Test"/>
  <testcase name="ButtonAut" time="0.001" classname="quickIsra.selenium2Test"/>
  <testcase name="Browserauto" time="0.001" classname="quickIsra.SeleniumpackTest"/>
  <testcase name="ButtonAut" time="0.001" classname="quickIsra.SeleniumpackTest"/>
  <testcase name="Androiodnat" time="0.001" classname="quickIsra.AppiumTest"/>
  <testcase name="IOSNa" time="0.001" classname="quickIsra.AppiumTest"/>
</testsuite> <!-- Test -->
