<?xml version="1.0" encoding="UTF-8"?>
<testng-results skipped="0" failed="0" ignored="0" total="2" passed="2">
  <reporter-output>
  </reporter-output>
  <suite name="Default suite" duration-ms="140" started-at="2020-11-20T10:45:23 CST" finished-at="2020-11-20T10:45:23 CST">
    <groups>
    </groups>
    <test name="Default test" duration-ms="140" started-at="2020-11-20T10:45:23 CST" finished-at="2020-11-20T10:45:23 CST">
      <class name="quickIsra.AppiumTes">
        <test-method status="PASS" signature="Androiodnat()[pri:0, instance:quickIsra.AppiumTes@30a3107a]" name="Androiodnat" duration-ms="23" started-at="2020-11-20T10:45:23 CST" finished-at="2020-11-20T10:45:23 CST">
          <reporter-output>
          </reporter-output>
        </test-method> <!-- Androiodnat -->
        <test-method status="PASS" signature="IOSNa()[pri:0, instance:quickIsra.AppiumTes@30a3107a]" name="IOSNa" duration-ms="3" started-at="2020-11-20T10:45:23 CST" finished-at="2020-11-20T10:45:23 CST">
          <reporter-output>
          </reporter-output>
        </test-method> <!-- IOSNa -->
      </class> <!-- quickIsra.AppiumTes -->
    </test> <!-- Default test -->
  </suite> <!-- Default suite -->
</testng-results>
